<?xml version="1.0" encoding="UTF-8"?>
<testng-results ignored="0" total="1" passed="1" failed="0" skipped="0">
  <reporter-output>
    <line>
      <![CDATA[Admin Login Success::OrangeHRM   OrangeHRM]]>
    </line>
  </reporter-output>
  <suite started-at="2023-04-15T22:50:26 IST" name="Default suite" finished-at="2023-04-15T22:50:43 IST" duration-ms="17543">
    <groups>
    </groups>
    <test started-at="2023-04-15T22:50:26 IST" name="Default test" finished-at="2023-04-15T22:50:43 IST" duration-ms="17543">
      <class name="mar24.orangehrm">
        <test-method is-config="true" signature="setup()[pri:0, instance:mar24.orangehrm@702657cc]" started-at="2023-04-15T22:50:26 IST" name="setup" finished-at="2023-04-15T22:50:43 IST" duration-ms="16763" status="PASS">
          <reporter-output>
          </reporter-output>
        </test-method> <!-- setup -->
        <test-method signature="Admintest()[pri:0, instance:mar24.orangehrm@702657cc]" started-at="2023-04-15T22:50:43 IST" name="Admintest" finished-at="2023-04-15T22:50:43 IST" duration-ms="610" status="PASS">
          <reporter-output>
            <line>
              <![CDATA[Admin Login Success::OrangeHRM   OrangeHRM]]>
            </line>
          </reporter-output>
        </test-method> <!-- Admintest -->
        <test-method is-config="true" signature="CloseApp()[pri:0, instance:mar24.orangehrm@702657cc]" started-at="2023-04-15T22:50:43 IST" name="CloseApp" finished-at="2023-04-15T22:50:43 IST" duration-ms="121" status="PASS">
          <reporter-output>
          </reporter-output>
        </test-method> <!-- CloseApp -->
      </class> <!-- mar24.orangehrm -->
    </test> <!-- Default test -->
  </suite> <!-- Default suite -->
</testng-results>
